epoch,acc,loss,val_acc,val_loss
0,0.90368511660833928,0.0027760740257378952,0.90476197004318237,0.0026766839437186718
1,0.93257122112586877,0.0017482910006506105,0.91238105297088623,0.0025516320019960403
2,0.93219944858391479,0.0017406866412562295,0.90873020887374878,0.0026063639670610428
3,0.91921560378415668,0.0022707556508557848,0.91111117601394653,0.002559322863817215
4,0.9321622826324153,0.0017215380498096316,0.91079378128051758,0.0025384738110005856
5,0.93201356171464778,0.0017260647746853122,0.91000008583068848,0.0025330819189548492
6,0.92110227788157761,0.0021763824340110291,0.90841281414031982,0.0026603743899613619
7,0.93147451936924419,0.0017292527858279287,0.90380960702896118,0.002743409713730216
8,0.93166039841088333,0.0017770236426795354,0.90380966663360596,0.0027233201544731855
9,0.91716156859419828,0.0023323336991258291,0.90317469835281372,0.0027054955717176199
10,0.93193920575540368,0.0017478038096860431,0.91031748056411743,0.0025350237265229225
11,0.93199495980551128,0.001712512896917776,0.91031754016876221,0.0025538366753607988
12,0.93232956936248723,0.0017199737824373405,0.91174614429473877,0.0025254020001739264
13,0.93233886943208477,0.0017470435940690528,0.91063499450683594,0.0025608509313315153
14,0.91994050111495418,0.0022261893549651245,0.90698421001434326,0.0026757318992167711
15,0.92571217926014226,0.0019855206702387531,0.91301596164703369,0.0024824314750730991
16,0.93255262704436026,0.0016981829638954755,0.91095250844955444,0.0025199681986123323
17,0.93228310742970544,0.0017167107138914394,0.90904772281646729,0.00253338273614645
18,0.9307031093756557,0.0018278167683152861,0.88968253135681152,0.0032651075161993504
19,0.91922486945207726,0.0022347220916897744,0.91190487146377563,0.0025355035904794931
20,0.93219017461472009,0.0017026314910755203,0.91095250844955444,0.0025582199450582266
21,0.93238533792112821,0.0017055676776186622,0.90904766321182251,0.0025750761851668358
22,0.93171614934489699,0.0017438020759906008,0.9100000262260437,0.0026447344571352005
23,0.93143733310081234,0.001742852350154721,0.90793657302856445,0.0026680578012019396
24,0.92021003715765626,0.0021804414053857701,0.90619051456451416,0.002631444251164794
25,0.9319949729429633,0.0017172921231208935,0.90841281414031982,0.0026167589239776134
26,0.93224592210856605,0.0017185435858829744,0.90841281414031982,0.0026299839373677969
27,0.92042381271863272,0.0022216273851681772,0.91238105297088623,0.0024931388907134533
28,0.93146520162516189,0.0017256213701963082,0.91126996278762817,0.0025835118722170591
29,0.93206930232815843,0.0017073984585651003,0.91047632694244385,0.0025903701316565275
30,0.93166040003125217,0.0017173849013121818,0.90539687871932983,0.0026665539480745792
31,0.91973603407442195,0.0021942086816858462,0.90952384471893311,0.0026050340384244919
32,0.93250614152897959,0.0017052993791069585,0.90920650959014893,0.0026520830579102039
33,0.93222733563032678,0.0017248467322254328,0.91047626733779907,0.002609489019960165
34,0.91539567636675734,0.0023657133441888942,0.90174615383148193,0.0028022974729537964
35,0.93206933710376672,0.0017440447242777063,0.91031748056411743,0.0025791609659790993
36,0.93255263494677443,0.0016901929139668712,0.91079378128051758,0.0025462629273533821
37,0.93345416145611881,0.0017247303324840755,0.90682554244995117,0.0026658871211111546
38,0.92062829621214093,0.0021814323252044377,0.91015881299972534,0.0025372365489602089
39,0.93229237234976337,0.0016912656473673628,0.91047626733779907,0.0025487416423857212
40,0.93328687679513334,0.001719261121042992,0.9100000262260437,0.0025646984577178955
41,0.91481019631931848,0.0023913524241744848,0.9104762077331543,0.002604620298370719
42,0.93113991412494235,0.0017769234893755502,0.91158735752105713,0.0025112382136285305
43,0.93008970611018649,0.0017737684638400311,0.87444454431533813,0.003726552939042449
44,0.92646499001197069,0.001904746272244005,0.91190493106842041,0.0025072856806218624
45,0.93231101362139845,0.0016874946163642399,0.91190493106842041,0.0025325261522084475
46,0.92852828256857545,0.0018595205082405017,0.89444458484649658,0.0030461002606898546
47,0.91770992611602276,0.0022533787143720913,0.90952390432357788,0.0025871414691209793
48,0.93170685398683339,0.0017103147790356317,0.91015887260437012,0.0026000062935054302
49,0.93195781868304828,0.0016950008774698965,0.90809530019760132,0.0026152199134230614
50,0.93199497498712092,0.0017019961297469986,0.90746045112609863,0.0026596039533615112
51,0.91904828300141028,0.0022647015170814701,0.90539687871932983,0.0027139217127114534
52,0.93170685286503963,0.0017233173404198991,0.9120635986328125,0.0025223316624760628
53,0.93241322324745624,0.0016871877500066002,0.91063499450683594,0.0025417082943022251
54,0.93272924104129751,0.0017022063567808318,0.91111111640930176,0.0025765539612621069
55,0.9189739267928787,0.0022284807745910269,0.91238099336624146,0.0025173388421535492
56,0.93192061060195885,0.0016929586114640773,0.91333341598510742,0.0024989997036755085
57,0.93267346258594219,0.001697896080317902,0.90920639038085938,0.0026069050654768944
58,0.92278452410153489,0.0021015788260605834,0.9107937216758728,0.0025583489332348108
59,0.93201356435709548,0.001702263934260436,0.91158735752105713,0.0025641631800681353
60,0.93232026637622578,0.0017176209538022078,0.88936519622802734,0.0032922616228461266
61,0.92037734637346191,0.0021701975831148867,0.91111123561859131,0.0025405618362128735
62,0.93142805080541458,0.0016910711937088913,0.9107937216758728,0.0025556371547281742
63,0.92083273939585797,0.0022035682622993007,0.90380960702896118,0.0027803294360637665
64,0.93141876105632004,0.0017734039175611991,0.91222232580184937,0.0024792468175292015
65,0.93011758647569298,0.0017789158676425716,0.91031754016876221,0.0026118103414773941
66,0.93224594232578351,0.00168734292340216,0.90666675567626953,0.0026822506915777922
67,0.9228774549471489,0.0020870447813874848,0.91095250844955444,0.00253066117875278
68,0.93173474148196289,0.0017024749476697869,0.91015887260437012,0.0025675627402961254
69,0.92208746657716534,0.0021231087081547981,0.90047627687454224,0.0028313780203461647
70,0.92930899131053768,0.0018335723681671414,0.91063505411148071,0.0025287715252488852
71,0.93210650342919743,0.001679692242492422,0.90968263149261475,0.0025941650383174419
72,0.93270134514517888,0.0017007001670212214,0.91269844770431519,0.0025753732770681381
73,0.930535791135642,0.0017951683699071956,0.90396833419799805,0.002804766409099102
74,0.92177147922132963,0.0021595447296463652,0.9112699031829834,0.0026110105682164431
75,0.93114922169809411,0.0017258949449853772,0.91222238540649414,0.0025654393248260021
76,0.93149312397068584,0.0016853785282916253,0.91222238540649414,0.002525662537664175
77,0.92021006001732131,0.0021823866541440151,0.90031754970550537,0.0029249174986034632
78,0.92893720675292546,0.0018305044328316342,0.91317468881607056,0.0024845143780112267
79,0.93207858988352277,0.0016765127571288765,0.91238111257553101,0.002501634880900383
80,0.93235746755205107,0.0016872358386880407,0.91174608469009399,0.0025179227814078331
81,0.92133463376339186,0.0021568473096623773,0.89142870903015137,0.0031658117659389973
82,0.92909522148317392,0.0018123811546036143,0.9068254828453064,0.0026912936009466648
83,0.93210650193347233,0.0016979236033636436,0.90904766321182251,0.0026225093752145767
84,0.93264556863426618,0.0016911654831083599,0.90539693832397461,0.0027428010944277048
85,0.92152979280698355,0.0021202958888903614,0.90841275453567505,0.0025611096061766148
86,0.93231097523112116,0.0016785385633422672,0.90841281414031982,0.0025735257659107447
87,0.93296157204421781,0.0016807547304195025,0.90714287757873535,0.0026584477163851261
88,0.91976392680458918,0.0021963961537251977,0.90968257188796997,0.0025414510164409876
89,0.93140016201399001,0.0016960718424383913,0.91126996278762817,0.0025024553760886192
90,0.93258050421898653,0.0017032314441799775,0.91031748056411743,0.0025872201658785343
91,0.92848178982385676,0.0018801193634482021,0.89920651912689209,0.0028884503990411758
92,0.91974535029785043,0.0021748288353166567,0.90650796890258789,0.0026737223379313946
93,0.93144661798880024,0.0016906425083817198,0.91142868995666504,0.0025507321115583181
94,0.93207863420684289,0.0016778572548678615,0.90888899564743042,0.0025728552136570215
95,0.92392767729593694,0.002108596935714406,0.91158735752105713,0.0025441928301006556
96,0.93169756301623019,0.0016724994391594775,0.91095250844955444,0.002549988217651844
97,0.932162268722172,0.0016847899440611315,0.91222232580184937,0.0025323433801531792
98,0.93208790790182139,0.0017130197528695172,0.87142860889434814,0.0038325174245983362
99,0.9249872214521937,0.0019964768546129005,0.9112699031829834,0.0026090389583259821
100,0.93220874957587618,0.0016825908425157723,0.91000008583068848,0.0025498319882899523
101,0.92074909164336172,0.0021794401991462693,0.90936517715454102,0.0025782650336623192
102,0.93280357429044902,0.0016794366450335273,0.91079378128051758,0.0025729390326887369
103,0.93236673294575534,0.0016755853349787765,0.91095244884490967,0.0025605112314224243
104,0.93245966957483961,0.0016701104600369675,0.91063499450683594,0.0026112257037311792
105,0.92705980320946035,0.0019295631143658269,0.91095244884490967,0.002544342540204525
106,0.93299876185253239,0.001659755687829573,0.91095238924026489,0.0026016898918896914
107,0.93232956981120474,0.001678958919885931,0.90984135866165161,0.0026031422894448042
108,0.92310054189537616,0.002027991946746912,0.90920644998550415,0.0025892979465425014
109,0.93185556144307513,0.0016638256895925737,0.90968263149261475,0.002580548170953989
110,0.93164181270543522,0.0017476261896052056,0.88619053363800049,0.0033675879240036011
111,0.92491289458480253,0.0020151082503238153,0.91190487146377563,0.0024936338886618614
112,0.93188345591825505,0.0016567706288586771,0.9107937216758728,0.0025391858071088791
113,0.93180907460647067,0.0016522250509817373,0.90873020887374878,0.0025904052890837193
114,0.9327199004874076,0.0016775641351586129,0.90904772281646729,0.0026042649988085032
115,0.92266369870595477,0.0020792909651692446,0.91095244884490967,0.0025592693127691746
116,0.93219016008125788,0.0016723657341417672,0.91063505411148071,0.0025669403839856386
117,0.92586087547351703,0.0019663517537286458,0.90396827459335327,0.0027012121863663197
118,0.932041450032426,0.0016968374598529058,0.91000014543533325,0.0025770326610654593
119,0.93236675924558809,0.0016558071055431237,0.91047626733779907,0.0025542173534631729
120,0.93196710152687856,0.0016615293059803449,0.91000008583068848,0.0025927003007382154
121,0.93278499337132137,0.0016698608314073152,0.90968257188796997,0.0026075839996337891
122,0.92777546187017512,0.0018709291577797239,0.89365082979202271,0.0030574498232454062
123,0.92970862761544959,0.0017875800681830586,0.91174614429473877,0.0025392407551407814
124,0.93352850881494376,0.0016551189175123347,0.91174614429473877,0.0025200634263455868
125,0.93195778951640906,0.0016555467077902124,0.91190487146377563,0.0025252951309084892
126,0.92896511304433349,0.0018427033968260477,0.89682549238204956,0.0029678365681320429
127,0.92986663456792762,0.0017518771324261542,0.90984129905700684,0.0025784631725400686
128,0.93256192255199633,0.001658982009907763,0.90857160091400146,0.0026749442331492901
129,0.93181838487192759,0.0016914471012662079,0.90714287757873535,0.0026680484879761934
130,0.92311909157877836,0.0020531155223054917,0.91174614429473877,0.0025185041595250368
131,0.93197637332727201,0.0016482318252938929,0.91063505411148071,0.0025542022194713354
132,0.93262699462040255,0.0016661304711266442,0.91238111257553101,0.0025606458075344563
133,0.93275707875371028,0.0016618053556296433,0.91142863035202026,0.0025242641568183899
134,0.92544263175021446,0.0020453853298283238,0.91317468881607056,0.0024890140630304813
135,0.93271992716117169,0.0016487120345526226,0.91317468881607056,0.0025010691024363041
136,0.93202286163467285,0.0016521439685134528,0.91063505411148071,0.0025316206738352776
137,0.93325896018322219,0.0016712237828493349,0.91349214315414429,0.0025247130542993546
138,0.93209722235530856,0.0016918476535235612,0.87222230434417725,0.0038950457237660885
139,0.91895534614796726,0.0022194116467486136,0.9128572940826416,0.00251431530341506
140,0.93213437706394109,0.0016416998689940464,0.91238105297088623,0.0024917768314480782
141,0.93194852010917584,0.0016475265171508949,0.91253972053527832,0.0024993447586894035
142,0.93218085809214646,0.0016549397191786084,0.91238105297088623,0.0025046737864613533
143,0.93258979204856718,0.001658463372004856,0.91015881299972534,0.0025517314206808805
144,0.92251496968634306,0.002126646424643306,0.90571433305740356,0.0026554611977189779
145,0.93229237030560574,0.0016712419505046843,0.9120635986328125,0.0025192857719957829
146,0.93280358363873084,0.0016440122193742165,0.91095238924026489,0.0025312677025794983
147,0.93290580660167077,0.0016471582072635467,0.90904766321182251,0.0026207766495645046
148,0.92291462720562256,0.0020328949573958101,0.91174602508544922,0.0025225274730473757
149,0.93234813492550406,0.0016564541698006164,0.9120635986328125,0.0025101483333855867
150,0.93184626959996564,0.0016577807029172472,0.91285723447799683,0.0025155826006084681
151,0.92565642261744441,0.001970680901061686,0.90206354856491089,0.0027884785085916519
152,0.93061944900921123,0.0017175231268571004,0.91158735752105713,0.0024987428914755583
153,0.93142803360457604,0.0016467465439403142,0.91269850730895996,0.0024763855617493391
154,0.93228309351946215,0.0016525245663277191,0.91222232580184937,0.0025516734458506107
155,0.93201355687846998,0.0016802330378681385,0.9055556058883667,0.0027295532636344433
156,0.91942005068225774,0.0021293021489046933,0.91317462921142578,0.0024892929941415787
157,0.9315674635018828,0.0016415793629225293,0.91222238540649414,0.0025066579692065716
158,0.93262697213466872,0.0016485833308169879,0.91174608469009399,0.0025278110988438129
159,0.9253404068179033,0.0019841290712792822,0.91301602125167847,0.0025118612684309483
160,0.93196711536233567,0.0016781965822576603,0.91063505411148071,0.0025452477857470512
161,0.93277566917069232,0.001652831479183323,0.91222232580184937,0.0025171414017677307
162,0.92735723784058621,0.0019331697917172148,0.90603190660476685,0.0027257446199655533
163,0.93126076654328904,0.0016783722477685776,0.91190487146377563,0.002531782491132617
164,0.93243182418437143,0.0016396751423611371,0.9104762077331543,0.002572281751781702
165,0.93160463982374286,0.0016690516268498712,0.91031754016876221,0.0025345487520098686
166,0.93219012737473594,0.0016606395018031095,0.91063499450683594,0.0025864879135042429
167,0.92272873146171996,0.0020360468829534436,0.90666675567626953,0.0026591492351144552
168,0.9314187495641657,0.0016726106622897865,0.91253972053527832,0.0024976059794425964
169,0.9315023927796291,0.0016379350801600304,0.91222238540649414,0.0025180105585604906
170,0.932013564905528,0.0016475804281564737,0.90968263149261475,0.0025656097568571568
171,0.92524745226504657,0.0019946936057356236,0.90761911869049072,0.0026761703193187714
172,0.93144661744036772,0.0016774832694049237,0.91269844770431519,0.0025104074738919735
173,0.93270134409817129,0.0016344124574462729,0.91111123561859131,0.0025580967776477337
174,0.93219942682111478,0.001656025725775969,0.90936523675918579,0.0025721783749759197
175,0.93304522174115656,0.0016682815045859962,0.91206353902816772,0.0025253030471503735
176,0.92335143843638456,0.0020770212631113284,0.91095244884490967,0.0025506308302283287
177,0.93258050247397395,0.0016478817012715681,0.91238105297088623,0.0025129022542387247
178,0.93231097931943641,0.0016459135227847965,0.91349214315414429,0.0024944744072854519
179,0.93239462211111113,0.0016516721883375043,0.91349220275878906,0.0025088461115956306
180,0.93281287144338276,0.001661269901774509,0.9006350040435791,0.002921166829764843
181,0.92431804621284452,0.002032618830331053,0.91206353902816772,0.0024933973327279091
182,0.93230166860526198,0.0016347677191771608,0.91206365823745728,0.002497552428394556
183,0.93263627908460167,0.0016493297411153808,0.91253972053527832,0.0025557521730661392
184,0.92462474910448111,0.0020256141741206578,0.89952385425567627,0.002976161427795887
185,0.9309819238996565,0.0017110843906983024,0.91126996278762817,0.0025595682673156261
186,0.93150240195340961,0.0017074081005387567,0.91079378128051758,0.002570275915786624
187,0.93107487566049307,0.0016862304318565385,0.91111123561859131,0.0025665427092462778
188,0.93176262429048706,0.0016588193958641557,0.91174614429473877,0.0025325671304017305
189,0.92435520650551739,0.0020318288862041503,0.91206347942352295,0.0025523328222334385
190,0.93185556219093768,0.0016496049052584232,0.91301596164703369,0.0025084437802433968
191,0.93212511403846821,0.0016308654349379862,0.90920650959014893,0.0025858734734356403
192,0.93215297471026104,0.0016554108555403364,0.91126996278762817,0.0025161004159599543
193,0.93167898713271025,0.0017158438407573328,0.8892064094543457,0.0033046365715563297
194,0.92600027278894559,0.0019331929868493043,0.91063505411148071,0.0025794669054448605
195,0.93204145972971042,0.001626341832047605,0.91174608469009399,0.0025374458637088537
196,0.93168828266527504,0.0016420453924931887,0.90968263149261475,0.0025880727916955948
197,0.93280357189728891,0.0016503088777656586,0.9071429967880249,0.0026316081639379263
198,0.92258005559020639,0.0020722807795962297,0.91158735752105713,0.0025190750602632761
199,0.93176260948280865,0.0016285743983481928,0.9120635986328125,0.0025273191276937723
200,0.93166040459321364,0.0016344644335035854,0.90952390432357788,0.0025902264751493931
201,0.93042428522915688,0.0017743828619387436,0.91142868995666504,0.0025311880744993687
202,0.93243177901347374,0.001636313669857172,0.91126996278762817,0.0025826056953519583
203,0.93182769264450938,0.0016354184714778915,0.89873021841049194,0.0029670963995158672
204,0.92818439226178429,0.0018865355654276474,0.91031759977340698,0.0025683920830488205
205,0.93198566175514264,0.0016213932577271322,0.91095244884490967,0.0025518732145428658
206,0.93218085026451858,0.0016292725980479703,0.9112699031829834,0.0025833526160567999
207,0.93261767169113985,0.0016465751702645236,0.90523815155029297,0.0026526334695518017
208,0.92668804240894831,0.0019295990714606245,0.91095244884490967,0.0025422724429517984
209,0.93201358108428767,0.0016158620303201468,0.91111123561859131,0.0025443143676966429
210,0.93213440318927265,0.0016223533357139514,0.90936517715454102,0.0025708144530653954
211,0.93274779032583965,0.0016299966156571506,0.91015887260437012,0.0026159416884183884
212,0.92900228196235446,0.0018911736773207022,0.9112699031829834,0.0025610376615077257
213,0.93240393105534414,0.0016150233472706395,0.91095244884490967,0.0025427239015698433
214,0.93161394714760715,0.0016275876530242397,0.9112699031829834,0.0025720442645251751
215,0.93220874426605216,0.0016269031010368712,0.91047632694244385,0.0025978744961321354
216,0.92676239704696861,0.001922156903197477,0.9120635986328125,0.0025148696731775999
217,0.93228309137558951,0.001617360674799118,0.91238105297088623,0.0025352379307150841
218,0.9322087404270244,0.0016203207150413271,0.91047632694244385,0.0025876918807625771
219,0.93281286354096848,0.0016350174537540067,0.90777784585952759,0.0026110920589417219
220,0.93343556739953915,0.0016472298999670278,0.91095238924026489,0.0025542350485920906
221,0.93106557818348568,0.001739519664272588,0.90920639038085938,0.0026209957432001829
222,0.93201354758004573,0.0016250832917597978,0.91000014543533325,0.0025823332834988832
223,0.92731074429814764,0.0019052065771605956,0.91349220275878906,0.0025413865223526955
224,0.9319671306187316,0.0016152715791111858,0.9112699031829834,0.0025706386659294367
225,0.93267346450545607,0.001616805923655894,0.91031754016876221,0.0025937606114894152
226,0.93230166833104577,0.0016222720081940922,0.91015887260437012,0.002577892504632473
227,0.93242249569599722,0.0016343224480505122,0.91142863035202026,0.0025898478925228119
228,0.92711556593477351,0.0019439898789846675,0.91253983974456787,0.0025210008025169373
229,0.93220874653456853,0.0016102784138273358,0.91222232580184937,0.0025434594135731459
230,0.93210650078674984,0.0016148341243653486,0.91079366207122803,0.0025852054823189974
231,0.93229237010617583,0.0016256619671037142,0.91238105297088623,0.0025335238315165043
232,0.93235745827855554,0.0016401621919329423,0.88396841287612915,0.0034713414497673512
233,0.92434595913530049,0.001966382370033196,0.90984135866165161,0.0025610753800719976
234,0.93231099116059335,0.0016116811959610473,0.9112699031829834,0.0025634905323386192
235,0.93253402413807374,0.0016218386731191921,0.91063499450683594,0.0026062498800456524
236,0.93294297310160279,0.0016334274059628178,0.91047626733779907,0.0025740622077137232
237,0.93269202293885001,0.0016243215477961107,0.89984136819839478,0.0028805332258343697
238,0.92908590453681161,0.0018440940868598692,0.9112699031829834,0.002590184798464179
239,0.93186487168360332,0.0016130369994244045,0.91063499450683594,0.0025584697723388672
240,0.93088898333182946,0.0016240206120468736,0.90809530019760132,0.0026000253856182098
241,0.93260839119061223,0.001630200729742397,0.90952390432357788,0.0026408557314425707
242,0.92729216714326135,0.0019252011424401056,0.91079378128051758,0.0025836585555225611
243,0.93256193681124211,0.0016046691381024678,0.91031754016876221,0.0025761586148291826
244,0.93194850594964496,0.0016159206944401326,0.91031759977340698,0.0026110683102160692
245,0.93260839650043625,0.0016145041592797752,0.90825402736663818,0.0026106785517185926
246,0.93250617194205632,0.0016425433146036205,0.90968263149261475,0.0025605314876884222
247,0.92758959090545157,0.0019080323594244876,0.91158735752105713,0.0025640034582465887
248,0.93156746021128756,0.0016125855547314044,0.90952390432357788,0.0025950854178518057
249,0.9316975508759282,0.0016081314333350352,0.91031765937805176,0.0025721711572259665
250,0.93232028614472562,0.0016199955316018959,0.90936517715454102,0.0025720896665006876
251,0.93219016062969051,0.001630436620731117,0.91047632694244385,0.0026118168607354164
252,0.93344484752613543,0.0016250944461588584,0.90873026847839355,0.0026545333676040173
253,0.92464332850295494,0.0019875583395678183,0.91190493106842041,0.0025274197105318308
254,0.93271062315283138,0.0016007973079848919,0.91047632694244385,0.0025789013598114252
255,0.93183697232238816,0.0016089591896550949,0.91269850730895996,0.0025473225396126509
256,0.93185556433481032,0.001618398513157265,0.90873020887374878,0.0026006130501627922
257,0.93242251239826068,0.0016287028833729847,0.91047632694244385,0.0026014917530119419
258,0.92767322823772969,0.0018880309981875517,0.91174608469009399,0.0025483574718236923
259,0.93183698117209501,0.0016068645353911623,0.91142868995666504,0.0025502529460936785
260,0.93203216230256047,0.0016139678012218213,0.90920644998550415,0.0026103304699063301
261,0.93249688209324688,0.0016216999688156539,0.91047626733779907,0.0025647340808063745
262,0.93306380577637826,0.0016302375050066082,0.90682554244995117,0.0027014347724616528
263,0.92563782075816547,0.0019222731873999139,0.91158735752105713,0.0025554641615599394
264,0.93260838944559965,0.001602275373682143,0.91222232580184937,0.002523454837501049
265,0.93232027841681264,0.0016105537105504375,0.91063499450683594,0.0025380311999469995
266,0.93170687268339702,0.0016245719175692298,0.91127002239227295,0.0025186145212501287
267,0.93047077293826763,0.001706805470563543,0.89428585767745972,0.0030533666722476482
268,0.92987591205207631,0.0017197927338741517,0.9112699031829834,0.0025550089776515961
269,0.93258980037477013,0.0015988629418925784,0.91031748056411743,0.0025825384072959423
270,0.93221804864832369,0.0016043291278498965,0.91063493490219116,0.0025725464802235365
271,0.93271062489784395,0.0016264145902117667,0.91095244884490967,0.0025483749341219664
272,0.92508945922281194,0.0019767639920152862,0.90793657302856445,0.0026639238931238651
273,0.93178122824378118,0.0016208178963004259,0.90746045112609863,0.0026527796871960163
274,0.9327013307114318,0.0016089009129532251,0.90857154130935669,0.0026702461764216423
275,0.93189274334897565,0.0016146931843617903,0.90809524059295654,0.0026706305798143148
276,0.93210651833659086,0.0016558720328658507,0.90793657302856445,0.0026701230090111494
277,0.93167897638841835,0.0016243653653352356,0.90968263149261475,0.0026462716050446033
278,0.93218086891122465,0.0016108077652993897,0.91015875339508057,0.0025761700235307217
279,0.92748732070252771,0.0019027041452451886,0.91333341598510742,0.0025057313032448292
280,0.93206932650904728,0.0015959753275123264,0.9115874171257019,0.0025328239426016808
281,0.932376052060919,0.0016039983851528197,0.90873026847839355,0.0025668707676231861
282,0.93213438190011888,0.0016171540537676125,0.9107937216758728,0.0025689792819321156
283,0.93275711427718111,0.0016054985020348637,0.90730166435241699,0.0026456278283149004
284,0.92729216612118248,0.0019209880075276846,0.91015875339508057,0.0025822357274591923
285,0.93234815972961171,0.0016068609739879293,0.91142868995666504,0.0025442792102694511
286,0.9316046216257543,0.0016050811632334196,0.91190487146377563,0.0025279398541897535
